  main.cpp
C:\Users\xmtaf\Dropbox\JStreet\main.cpp(87,25): warning C4244: 'argument': conversion from 'double' to 'GLfloat', possible loss of data
C:\Users\xmtaf\Dropbox\JStreet\main.cpp(87,22): warning C4244: 'argument': conversion from 'double' to 'GLfloat', possible loss of data
C:\Users\xmtaf\Dropbox\JStreet\main.cpp(87,19): warning C4244: 'argument': conversion from 'double' to 'GLfloat', possible loss of data
C:\Users\xmtaf\Dropbox\JStreet\main.cpp(88,23): warning C4244: 'argument': conversion from 'double' to 'GLfloat', possible loss of data
C:\Users\xmtaf\Dropbox\JStreet\main.cpp(88,20): warning C4244: 'argument': conversion from 'double' to 'GLfloat', possible loss of data
C:\Users\xmtaf\Dropbox\JStreet\main.cpp(89,26): warning C4244: 'argument': conversion from 'double' to 'GLfloat', possible loss of data
C:\Users\xmtaf\Dropbox\JStreet\main.cpp(89,22): warning C4244: 'argument': conversion from 'double' to 'GLfloat', possible loss of data
C:\Users\xmtaf\Dropbox\JStreet\main.cpp(90,28): warning C4244: 'argument': conversion from 'double' to 'GLfloat', possible loss of data
C:\Users\xmtaf\Dropbox\JStreet\main.cpp(90,22): warning C4244: 'argument': conversion from 'double' to 'GLfloat', possible loss of data
C:\Users\xmtaf\Dropbox\JStreet\main.cpp(91,25): warning C4244: 'argument': conversion from 'double' to 'GLfloat', possible loss of data
C:\Users\xmtaf\Dropbox\JStreet\main.cpp(91,20): warning C4244: 'argument': conversion from 'double' to 'GLfloat', possible loss of data
C:\Users\xmtaf\Dropbox\JStreet\main.cpp(101,37): warning C4244: 'argument': conversion from 'double' to 'GLfloat', possible loss of data
C:\Users\xmtaf\Dropbox\JStreet\main.cpp(101,29): warning C4244: 'argument': conversion from 'double' to 'GLfloat', possible loss of data
C:\Users\xmtaf\Dropbox\JStreet\main.cpp(101,21): warning C4244: 'argument': conversion from 'double' to 'GLfloat', possible loss of data
C:\Users\xmtaf\Dropbox\JStreet\main.cpp(102,26): warning C4244: 'argument': conversion from 'double' to 'GLfloat', possible loss of data
C:\Users\xmtaf\Dropbox\JStreet\main.cpp(102,23): warning C4244: 'argument': conversion from 'double' to 'GLfloat', possible loss of data
C:\Users\xmtaf\Dropbox\JStreet\main.cpp(102,20): warning C4244: 'argument': conversion from 'double' to 'GLfloat', possible loss of data
C:\Users\xmtaf\Dropbox\JStreet\main.cpp(103,29): warning C4244: 'argument': conversion from 'double' to 'GLfloat', possible loss of data
C:\Users\xmtaf\Dropbox\JStreet\main.cpp(103,26): warning C4244: 'argument': conversion from 'double' to 'GLfloat', possible loss of data
C:\Users\xmtaf\Dropbox\JStreet\main.cpp(103,22): warning C4244: 'argument': conversion from 'double' to 'GLfloat', possible loss of data
C:\Users\xmtaf\Dropbox\JStreet\main.cpp(104,32): warning C4244: 'argument': conversion from 'double' to 'GLfloat', possible loss of data
C:\Users\xmtaf\Dropbox\JStreet\main.cpp(104,28): warning C4244: 'argument': conversion from 'double' to 'GLfloat', possible loss of data
C:\Users\xmtaf\Dropbox\JStreet\main.cpp(104,22): warning C4244: 'argument': conversion from 'double' to 'GLfloat', possible loss of data
C:\Users\xmtaf\Dropbox\JStreet\main.cpp(105,29): warning C4244: 'argument': conversion from 'double' to 'GLfloat', possible loss of data
C:\Users\xmtaf\Dropbox\JStreet\main.cpp(105,25): warning C4244: 'argument': conversion from 'double' to 'GLfloat', possible loss of data
C:\Users\xmtaf\Dropbox\JStreet\main.cpp(105,20): warning C4244: 'argument': conversion from 'double' to 'GLfloat', possible loss of data
C:\Users\xmtaf\Dropbox\JStreet\main.cpp(111,35): warning C4244: 'argument': conversion from 'double' to 'GLfloat', possible loss of data
C:\Users\xmtaf\Dropbox\JStreet\main.cpp(111,28): warning C4244: 'argument': conversion from 'double' to 'GLfloat', possible loss of data
C:\Users\xmtaf\Dropbox\JStreet\main.cpp(111,21): warning C4244: 'argument': conversion from 'double' to 'GLfloat', possible loss of data
C:\Users\xmtaf\Dropbox\JStreet\main.cpp(112,26): warning C4244: 'argument': conversion from 'double' to 'GLfloat', possible loss of data
C:\Users\xmtaf\Dropbox\JStreet\main.cpp(112,23): warning C4244: 'argument': conversion from 'double' to 'GLfloat', possible loss of data
C:\Users\xmtaf\Dropbox\JStreet\main.cpp(112,20): warning C4244: 'argument': conversion from 'double' to 'GLfloat', possible loss of data
C:\Users\xmtaf\Dropbox\JStreet\main.cpp(113,29): warning C4244: 'argument': conversion from 'double' to 'GLfloat', possible loss of data
C:\Users\xmtaf\Dropbox\JStreet\main.cpp(113,26): warning C4244: 'argument': conversion from 'double' to 'GLfloat', possible loss of data
C:\Users\xmtaf\Dropbox\JStreet\main.cpp(113,22): warning C4244: 'argument': conversion from 'double' to 'GLfloat', possible loss of data
C:\Users\xmtaf\Dropbox\JStreet\main.cpp(114,31): warning C4244: 'argument': conversion from 'double' to 'GLfloat', possible loss of data
C:\Users\xmtaf\Dropbox\JStreet\main.cpp(114,26): warning C4244: 'argument': conversion from 'double' to 'GLfloat', possible loss of data
C:\Users\xmtaf\Dropbox\JStreet\main.cpp(114,22): warning C4244: 'argument': conversion from 'double' to 'GLfloat', possible loss of data
C:\Users\xmtaf\Dropbox\JStreet\main.cpp(115,28): warning C4244: 'argument': conversion from 'double' to 'GLfloat', possible loss of data
C:\Users\xmtaf\Dropbox\JStreet\main.cpp(115,23): warning C4244: 'argument': conversion from 'double' to 'GLfloat', possible loss of data
C:\Users\xmtaf\Dropbox\JStreet\main.cpp(115,20): warning C4244: 'argument': conversion from 'double' to 'GLfloat', possible loss of data
C:\Users\xmtaf\Dropbox\JStreet\main.cpp(121,37): warning C4244: 'argument': conversion from 'double' to 'GLfloat', possible loss of data
C:\Users\xmtaf\Dropbox\JStreet\main.cpp(121,29): warning C4244: 'argument': conversion from 'double' to 'GLfloat', possible loss of data
C:\Users\xmtaf\Dropbox\JStreet\main.cpp(121,21): warning C4244: 'argument': conversion from 'double' to 'GLfloat', possible loss of data
C:\Users\xmtaf\Dropbox\JStreet\main.cpp(122,29): warning C4244: 'argument': conversion from 'double' to 'GLfloat', possible loss of data
C:\Users\xmtaf\Dropbox\JStreet\main.cpp(122,25): warning C4244: 'argument': conversion from 'double' to 'GLfloat', possible loss of data
C:\Users\xmtaf\Dropbox\JStreet\main.cpp(122,20): warning C4244: 'argument': conversion from 'double' to 'GLfloat', possible loss of data
C:\Users\xmtaf\Dropbox\JStreet\main.cpp(123,32): warning C4244: 'argument': conversion from 'double' to 'GLfloat', possible loss of data
C:\Users\xmtaf\Dropbox\JStreet\main.cpp(123,28): warning C4244: 'argument': conversion from 'double' to 'GLfloat', possible loss of data
C:\Users\xmtaf\Dropbox\JStreet\main.cpp(123,22): warning C4244: 'argument': conversion from 'double' to 'GLfloat', possible loss of data
C:\Users\xmtaf\Dropbox\JStreet\main.cpp(124,34): warning C4244: 'argument': conversion from 'double' to 'GLfloat', possible loss of data
C:\Users\xmtaf\Dropbox\JStreet\main.cpp(124,28): warning C4244: 'argument': conversion from 'double' to 'GLfloat', possible loss of data
C:\Users\xmtaf\Dropbox\JStreet\main.cpp(124,22): warning C4244: 'argument': conversion from 'double' to 'GLfloat', possible loss of data
C:\Users\xmtaf\Dropbox\JStreet\main.cpp(125,31): warning C4244: 'argument': conversion from 'double' to 'GLfloat', possible loss of data
C:\Users\xmtaf\Dropbox\JStreet\main.cpp(125,25): warning C4244: 'argument': conversion from 'double' to 'GLfloat', possible loss of data
C:\Users\xmtaf\Dropbox\JStreet\main.cpp(125,20): warning C4244: 'argument': conversion from 'double' to 'GLfloat', possible loss of data
C:\Users\xmtaf\Dropbox\JStreet\main.cpp(131,37): warning C4244: 'argument': conversion from 'double' to 'GLfloat', possible loss of data
C:\Users\xmtaf\Dropbox\JStreet\main.cpp(131,29): warning C4244: 'argument': conversion from 'double' to 'GLfloat', possible loss of data
C:\Users\xmtaf\Dropbox\JStreet\main.cpp(131,21): warning C4244: 'argument': conversion from 'double' to 'GLfloat', possible loss of data
C:\Users\xmtaf\Dropbox\JStreet\main.cpp(132,26): warning C4244: 'argument': conversion from 'double' to 'GLfloat', possible loss of data
C:\Users\xmtaf\Dropbox\JStreet\main.cpp(132,23): warning C4244: 'argument': conversion from 'double' to 'GLfloat', possible loss of data
C:\Users\xmtaf\Dropbox\JStreet\main.cpp(132,20): warning C4244: 'argument': conversion from 'double' to 'GLfloat', possible loss of data
C:\Users\xmtaf\Dropbox\JStreet\main.cpp(133,29): warning C4244: 'argument': conversion from 'double' to 'GLfloat', possible loss of data
C:\Users\xmtaf\Dropbox\JStreet\main.cpp(133,25): warning C4244: 'argument': conversion from 'double' to 'GLfloat', possible loss of data
C:\Users\xmtaf\Dropbox\JStreet\main.cpp(133,20): warning C4244: 'argument': conversion from 'double' to 'GLfloat', possible loss of data
C:\Users\xmtaf\Dropbox\JStreet\main.cpp(134,31): warning C4244: 'argument': conversion from 'double' to 'GLfloat', possible loss of data
C:\Users\xmtaf\Dropbox\JStreet\main.cpp(134,25): warning C4244: 'argument': conversion from 'double' to 'GLfloat', possible loss of data
C:\Users\xmtaf\Dropbox\JStreet\main.cpp(134,20): warning C4244: 'argument': conversion from 'double' to 'GLfloat', possible loss of data
C:\Users\xmtaf\Dropbox\JStreet\main.cpp(135,28): warning C4244: 'argument': conversion from 'double' to 'GLfloat', possible loss of data
C:\Users\xmtaf\Dropbox\JStreet\main.cpp(135,23): warning C4244: 'argument': conversion from 'double' to 'GLfloat', possible loss of data
C:\Users\xmtaf\Dropbox\JStreet\main.cpp(135,20): warning C4244: 'argument': conversion from 'double' to 'GLfloat', possible loss of data
C:\Users\xmtaf\Dropbox\JStreet\main.cpp(141,35): warning C4244: 'argument': conversion from 'double' to 'GLfloat', possible loss of data
C:\Users\xmtaf\Dropbox\JStreet\main.cpp(141,28): warning C4244: 'argument': conversion from 'double' to 'GLfloat', possible loss of data
C:\Users\xmtaf\Dropbox\JStreet\main.cpp(141,21): warning C4244: 'argument': conversion from 'double' to 'GLfloat', possible loss of data
C:\Users\xmtaf\Dropbox\JStreet\main.cpp(142,29): warning C4244: 'argument': conversion from 'double' to 'GLfloat', possible loss of data
C:\Users\xmtaf\Dropbox\JStreet\main.cpp(142,26): warning C4244: 'argument': conversion from 'double' to 'GLfloat', possible loss of data
C:\Users\xmtaf\Dropbox\JStreet\main.cpp(142,22): warning C4244: 'argument': conversion from 'double' to 'GLfloat', possible loss of data
C:\Users\xmtaf\Dropbox\JStreet\main.cpp(143,32): warning C4244: 'argument': conversion from 'double' to 'GLfloat', possible loss of data
C:\Users\xmtaf\Dropbox\JStreet\main.cpp(143,28): warning C4244: 'argument': conversion from 'double' to 'GLfloat', possible loss of data
C:\Users\xmtaf\Dropbox\JStreet\main.cpp(143,22): warning C4244: 'argument': conversion from 'double' to 'GLfloat', possible loss of data
C:\Users\xmtaf\Dropbox\JStreet\main.cpp(144,34): warning C4244: 'argument': conversion from 'double' to 'GLfloat', possible loss of data
C:\Users\xmtaf\Dropbox\JStreet\main.cpp(144,28): warning C4244: 'argument': conversion from 'double' to 'GLfloat', possible loss of data
C:\Users\xmtaf\Dropbox\JStreet\main.cpp(144,22): warning C4244: 'argument': conversion from 'double' to 'GLfloat', possible loss of data
C:\Users\xmtaf\Dropbox\JStreet\main.cpp(145,31): warning C4244: 'argument': conversion from 'double' to 'GLfloat', possible loss of data
C:\Users\xmtaf\Dropbox\JStreet\main.cpp(145,26): warning C4244: 'argument': conversion from 'double' to 'GLfloat', possible loss of data
C:\Users\xmtaf\Dropbox\JStreet\main.cpp(145,22): warning C4244: 'argument': conversion from 'double' to 'GLfloat', possible loss of data
C:\Users\xmtaf\Dropbox\JStreet\main.cpp(151,37): warning C4244: 'argument': conversion from 'double' to 'GLfloat', possible loss of data
C:\Users\xmtaf\Dropbox\JStreet\main.cpp(151,29): warning C4244: 'argument': conversion from 'double' to 'GLfloat', possible loss of data
C:\Users\xmtaf\Dropbox\JStreet\main.cpp(151,21): warning C4244: 'argument': conversion from 'double' to 'GLfloat', possible loss of data
C:\Users\xmtaf\Dropbox\JStreet\main.cpp(152,28): warning C4244: 'argument': conversion from 'double' to 'GLfloat', possible loss of data
C:\Users\xmtaf\Dropbox\JStreet\main.cpp(152,23): warning C4244: 'argument': conversion from 'double' to 'GLfloat', possible loss of data
C:\Users\xmtaf\Dropbox\JStreet\main.cpp(152,20): warning C4244: 'argument': conversion from 'double' to 'GLfloat', possible loss of data
C:\Users\xmtaf\Dropbox\JStreet\main.cpp(153,31): warning C4244: 'argument': conversion from 'double' to 'GLfloat', possible loss of data
C:\Users\xmtaf\Dropbox\JStreet\main.cpp(153,26): warning C4244: 'argument': conversion from 'double' to 'GLfloat', possible loss of data
C:\Users\xmtaf\Dropbox\JStreet\main.cpp(153,22): warning C4244: 'argument': conversion from 'double' to 'GLfloat', possible loss of data
C:\Users\xmtaf\Dropbox\JStreet\main.cpp(154,34): warning C4244: 'argument': conversion from 'double' to 'GLfloat', possible loss of data
C:\Users\xmtaf\Dropbox\JStreet\main.cpp(154,28): warning C4244: 'argument': conversion from 'double' to 'GLfloat', possible loss of data
C:\Users\xmtaf\Dropbox\JStreet\main.cpp(154,22): warning C4244: 'argument': conversion from 'double' to 'GLfloat', possible loss of data
C:\Users\xmtaf\Dropbox\JStreet\main.cpp(155,31): warning C4244: 'argument': conversion from 'double' to 'GLfloat', possible loss of data
C:\Users\xmtaf\Dropbox\JStreet\main.cpp(155,25): warning C4244: 'argument': conversion from 'double' to 'GLfloat', possible loss of data
C:\Users\xmtaf\Dropbox\JStreet\main.cpp(155,20): warning C4244: 'argument': conversion from 'double' to 'GLfloat', possible loss of data
C:\Users\xmtaf\Dropbox\JStreet\main.cpp(227,15): warning C4244: 'argument': conversion from 'double' to 'GLfloat', possible loss of data
C:\Users\xmtaf\Dropbox\JStreet\main.cpp(1301,34): warning C4244: 'argument': conversion from 'double' to 'GLfloat', possible loss of data
C:\Users\xmtaf\Dropbox\JStreet\main.cpp(1301,30): warning C4244: 'argument': conversion from 'double' to 'GLfloat', possible loss of data
C:\Users\xmtaf\Dropbox\JStreet\main.cpp(1301,26): warning C4244: 'argument': conversion from 'double' to 'GLfloat', possible loss of data
  Generating code
  0 of 83 functions ( 0.0%) were compiled, the rest were copied from previous compilation.
    0 functions were new in current compilation
    0 functions had inline decision re-evaluated but remain unchanged
  Finished generating code
  Jstreet.vcxproj -> C:\Users\xmtaf\source\repos\Jstreet\Release\Jstreet.exe

Project Performance Summary:
     1091 ms  C:\Users\xmtaf\source\repos\Jstreet\Jstreet\Jstreet.vcxproj   1 calls
               1091 ms  Build                                      1 calls

Target Performance Summary:
        0 ms  _ResourceCompile                           1 calls
        0 ms  AfterLink                                  1 calls
        0 ms  ComputeLinkSwitches                        1 calls
        0 ms  PreLinkEvent                               1 calls
        0 ms  DoLinkOutputFilesMatch                     1 calls
        0 ms  MakeDirsForLink                            1 calls
        0 ms  PrepareResourceNames                       1 calls
        0 ms  CreateCustomManifestResourceNames          1 calls
        0 ms  SplitResourcesByCulture                    1 calls
        0 ms  AssignTargetPaths                          1 calls
        0 ms  ComputeLinkInputsFromProject               1 calls
        0 ms  _Link                                      1 calls
        0 ms  ComputeCLGeneratedLinkInputs               1 calls
        0 ms  ComputeManifestGeneratedLinkerInputs       1 calls
        0 ms  ComputeRCGeneratedLinkInputs               1 calls
        0 ms  ComputeRCOutputs                           1 calls
        0 ms  BeforeLink                                 1 calls
        0 ms  ComputeLegacyManifestEmbedding             1 calls
        0 ms  BuildLinkTraverse                          1 calls
        0 ms  BuildCompile                               1 calls
        0 ms  _BuildCompileAction                        1 calls
        0 ms  AfterBuildCompileEvent                     1 calls
        0 ms  AfterResourceCompile                       1 calls
        0 ms  ComputeCLOutputs                           1 calls
        0 ms  MakeDirsForResourceCompile                 1 calls
        0 ms  _ALink                                     1 calls
        0 ms  RegisterOutput                             1 calls
        0 ms  IncrementalClean                           1 calls
        0 ms  AfterBuild                                 1 calls
        0 ms  BuildLink                                  1 calls
        0 ms  _BuildLinkAction                           1 calls
        0 ms  PostBuildEvent                             1 calls
        0 ms  PrepareForRun                              1 calls
        0 ms  CopyFilesToOutputDirectory                 1 calls
        0 ms  _CopySourceItemsToOutputDirectory          1 calls
        0 ms  _GetCopyToOutputDirectoryItemsFromThisProject   1 calls
        0 ms  _GetCopyToOutputDirectoryItemsFromTransitiveProjectReferences   1 calls
        0 ms  _Manifest                                  1 calls
        0 ms  GetCopyToOutputDirectoryXamlAppDefs        1 calls
        0 ms  _Deploy                                    1 calls
        0 ms  _Appverifier                               1 calls
        0 ms  CreateSatelliteAssemblies                  1 calls
        0 ms  _GenerateSatelliteAssemblyInputs           1 calls
        0 ms  _BscMake                                   1 calls
        0 ms  MakeDirsForBscMake                         1 calls
        0 ms  ComputeCLCompileGeneratedSbrFiles          1 calls
        0 ms  _XdcMake                                   1 calls
        0 ms  ComputeCLCompileGeneratedXDCFiles          1 calls
        0 ms  ResolvedXDCMake                            1 calls
        0 ms  _PopulateCommonStateForGetCopyToOutputDirectoryItems   1 calls
        0 ms  BeforeResourceCompile                      1 calls
        0 ms  Build                                      1 calls
        0 ms  AfterClCompile                             1 calls
        0 ms  _SelectedFiles                             1 calls
        0 ms  _ClCompile                                 1 calls
        0 ms  BeforeBuildGenerateSources                 1 calls
        0 ms  BuildGenerateSourcesTraverse               1 calls
        0 ms  ResolveReferences                          1 calls
        0 ms  AfterResolveReferences                     1 calls
        0 ms  ResolveAssemblyReferences                  1 calls
        0 ms  ExpandSDKReferences                        1 calls
        0 ms  ResolveSDKReferences                       1 calls
        0 ms  SelectCustomBuild                          1 calls
        0 ms  _CheckWindowsSDKInstalled                  1 calls
        0 ms  GetReferenceAssemblyPaths                  1 calls
        0 ms  GetFrameworkPaths                          1 calls
        0 ms  ResolveProjectReferences                   1 calls
        0 ms  PrepareProjectReferences                   1 calls
        0 ms  _SplitProjectReferencesByFileExistence     1 calls
        0 ms  BeforeResolveReferences                    1 calls
        0 ms  _PrepareForReferenceResolution             1 calls
        0 ms  _PrepareForBuild                           1 calls
        0 ms  SetTelemetryEnvironmentVariables           1 calls
        0 ms  GetResolvedWinMD                           1 calls
        0 ms  ComputeCustomBuildOutput                   1 calls
        0 ms  PreBuildEvent                              1 calls
        0 ms  CopyFileToFolders                          1 calls
        0 ms  SelectClCompile                            1 calls
        0 ms  MakeDirsForCl                              1 calls
        0 ms  FixupCLCompileOptions                      1 calls
        0 ms  ComputeReferenceCLInput                    1 calls
        0 ms  FindReferenceAssembliesForReferences       1 calls
        0 ms  ComputeCLInputPDBName                      1 calls
        0 ms  BeforeClCompile                            1 calls
        0 ms  BuildGenerateSources                       1 calls
        0 ms  _BuildGenerateSourcesAction                1 calls
        0 ms  AfterBuildGenerateSourcesEvent             1 calls
        0 ms  BuildCompileTraverse                       1 calls
        0 ms  _Midl                                      1 calls
        0 ms  AfterMidl                                  1 calls
        0 ms  ComputeMIDLGeneratedCompileInputs          1 calls
        0 ms  AfterBuildGenerateSources                  1 calls
        0 ms  _Xsd                                       1 calls
        1 ms  SetBuildDefaultEnvironmentVariables        1 calls
        1 ms  ComputeLinkImportLibraryOutputsForClean    1 calls
        1 ms  _CleanGetCurrentAndPriorFileWrites         1 calls
        1 ms  WarnCompileDuplicatedFilename              1 calls
        1 ms  AssignProjectConfiguration                 1 calls
        1 ms  FinalizeBuildStatus                        1 calls
        1 ms  GetCopyToOutputDirectoryItems              1 calls
        1 ms  SetCABuildNativeEnvironmentVariables       1 calls
        1 ms  MakeDirsForXdcMake                         1 calls
        1 ms  CustomBuild                                1 calls
        1 ms  _CheckForInvalidConfigurationAndPlatform   1 calls
        1 ms  ComputeManifestInputsTargets               1 calls
        1 ms  _CheckForCompileOutputs                    1 calls
        1 ms  _GetProjectReferenceTargetFrameworkProperties   1 calls
        2 ms  InitializeBuildStatus                      1 calls
        3 ms  PrepareForBuild                            1 calls
        5 ms  MakeDirsForMidl                            1 calls
      243 ms  Link                                       1 calls
      815 ms  ClCompile                                  1 calls

Task Performance Summary:
        0 ms  Message                                    3 calls
        0 ms  MSBuild                                    1 calls
        0 ms  ConvertToAbsolutePath                      1 calls
        0 ms  CheckVCToolsetVersion                      1 calls
        0 ms  ReadLinesFromFile                          2 calls
        0 ms  RemoveDuplicates                           2 calls
        0 ms  AssignCulture                              1 calls
        0 ms  AssignTargetPath                           7 calls
        1 ms  FindUnderPath                              5 calls
        1 ms  AssignProjectConfiguration                 1 calls
        1 ms  Touch                                      2 calls
        1 ms  CallTarget                                 2 calls
        1 ms  Delete                                     2 calls
        1 ms  SetEnv                                     8 calls
        1 ms  GetOutOfDateItems                          3 calls
        2 ms  WriteLinesToFile                           2 calls
        2 ms  MakeDir                                    9 calls
      242 ms  Link                                       1 calls
      814 ms  CL                                         1 calls
